[07:43:15] [main/INFO] (FabricLoader/GameProvider) Loading Minecraft 1.21.8 with Fabric Loader 0.16.14
[07:43:15] [main/INFO] (FabricLoader) Loading 51 mods:
	- fabric-api 0.131.0+1.21.8
	- fabric-api-base 0.5.0+cd8c0daa2c
	- fabric-api-lookup-api-v1 1.6.101+946bf4c32c
	- fabric-biome-api-v1 16.0.11+946bf4c32c
	- fabric-block-api-v1 1.1.3+946bf4c32c
	- fabric-block-view-api-v2 1.0.31+946bf4c32c
	- fabric-client-gametest-api-v1 4.2.5+8a98c3fc2c
	- fabric-command-api-v2 2.3.1+52fff9ec2c
	- fabric-content-registries-v0 10.0.19+946bf4c32c
	- fabric-convention-tags-v1 2.1.41+7f945d5b2c
	- fabric-convention-tags-v2 2.15.6+eb5df52f2c
	- fabric-crash-report-info-v1 0.3.15+946bf4c32c
	- fabric-data-attachment-api-v1 1.8.11+946bf4c32c
	- fabric-data-generation-api-v1 23.2.6+0b1ef9762c
	- fabric-dimensions-v1 4.0.19+946bf4c32c
	- fabric-entity-events-v1 2.1.2+c9e472732c
	- fabric-events-interaction-v0 4.0.24+946bf4c32c
	- fabric-game-rule-api-v1 1.0.73+c64c9c5b2c
	- fabric-gametest-api-v1 3.1.10+39ce47f52c
	- fabric-item-api-v1 11.5.0+02ce13f42c
	- fabric-item-group-api-v1 4.2.14+c5f9bbc12c
	- fabric-key-binding-api-v1 1.0.65+946bf4c32c
	- fabric-lifecycle-events-v1 2.6.4+db4dfd852c
	- fabric-loot-api-v2 3.0.56+3f89f5a52c
	- fabric-loot-api-v3 2.0.3+946bf4c32c
	- fabric-message-api-v1 6.1.2+946bf4c32c
	- fabric-model-loading-api-v1 5.2.6+946bf4c32c
	- fabric-networking-api-v1 5.0.2+946bf4c32c
	- fabric-object-builder-api-v1 21.1.8+946bf4c32c
	- fabric-particles-v1 4.1.8+946bf4c32c
	- fabric-recipe-api-v1 8.1.15+946bf4c32c
	- fabric-registry-sync-v0 6.1.28+946bf4c32c
	- fabric-renderer-api-v1 7.0.3+208eed172c
	- fabric-renderer-indigo 4.0.3+946bf4c32c
	- fabric-rendering-fluids-v1 3.1.31+fa6cb72b2c
	- fabric-rendering-v1 12.5.0+fbe231d52c
	- fabric-resource-conditions-api-v1 5.0.25+98e6d6db2c
	- fabric-resource-loader-v0 3.1.12+020423442c
	- fabric-screen-api-v1 2.1.1+277ecf7d2c
	- fabric-screen-handler-api-v1 1.3.137+946bf4c32c
	- fabric-sound-api-v1 1.0.42+946bf4c32c
	- fabric-tag-api-v1 1.2.2+946bf4c32c
	- fabric-transfer-api-v1 6.0.6+946bf4c32c
	- fabric-transitive-access-wideners-v1 6.4.1+ac3e15d12c
	- fabricloader 0.16.14
	- java 21
	- mecharp 0.5.8
	- minecraft 1.21.8
	- mixinextras 0.4.1
	- modmenu 15.0.0
	   \-- placeholder-api 2.7.2+1.21.8
[07:43:19] [main/INFO] (FabricLoader/Mixin) SpongePowered MIXIN Subsystem Version=0.8.7 Source=file:/C:/Users/maksi/.gradle/caches/modules-2/files-2.1/net.fabricmc/sponge-mixin/0.15.5+mixin.0.8.7/22f9eb729e216a091673a574a5906dc1b9027fb3/sponge-mixin-0.15.5+mixin.0.8.7.jar Service=Knot/Fabric Env=CLIENT
[07:43:19] [main/INFO] (FabricLoader/Mixin) Loaded Fabric development mappings for mixin remapper!
[07:43:20] [main/INFO] (FabricLoader/Mixin) Compatibility level set to JAVA_21
[07:43:21] [main/INFO] (FabricLoader/MixinExtras|Service) Initializing MixinExtras via com.llamalad7.mixinextras.service.MixinExtrasServiceImpl(version=0.4.1).
[07:43:22] [Datafixer Bootstrap/INFO] (Minecraft) 269 Datafixer optimizations took 744 milliseconds
[07:43:28] [Render thread/INFO] (Minecraft) Environment: Environment[sessionHost=https://sessionserver.mojang.com, servicesHost=https://api.minecraftservices.com, name=PROD]
[07:43:28] [Render thread/INFO] (Minecraft) Setting user: Player876
[07:43:29] [Render thread/INFO] (mecharp) [MechaRP] === Запуск генерации руд ===
[07:43:29] [Render thread/INFO] (mecharp) [MechaRP] Руда BRONZE добавлена в биомы!
[07:43:29] [Render thread/INFO] (mecharp) [MechaRP] Руда SILVER добавлена в биомы!
[07:43:29] [Render thread/INFO] (mecharp) [MechaRP] Руда PLATINUM добавлена в биомы!
[07:43:29] [Render thread/INFO] (mecharp) [MechaRP] Руда PALLADIUM добавлена в биомы!
[07:43:29] [Render thread/INFO] (mecharp) [MechaRP] Руда MAGMARIUM добавлена в биомы!
[07:43:29] [Render thread/INFO] (mecharp) [MechaRP] === Генерация руд завершена ===
[07:43:29] [Render thread/INFO] (mecharp) === ДЕБАГ ИНФОРМАЦИЯ ===
[07:43:29] [Render thread/INFO] (mecharp) Проверка регистрации предметов:
[07:43:29] [Render thread/INFO] (mecharp) bronze_ore_material: true
[07:43:29] [Render thread/INFO] (mecharp) bronze_coin: true
[07:43:29] [Render thread/INFO] (mecharp) Проверка рецептов...
[07:43:29] [Render thread/INFO] (mecharp) Рецепты загружены (детальная проверка требует другого API)
[07:43:29] [Render thread/INFO] (mecharp) Мод MechaRP загружен!
[07:43:29] [Render thread/INFO] (Mod Menu/Update Checker) Checking mod updates...
[07:43:29] [Render thread/INFO] (Indigo) [Indigo] Registering Indigo renderer!
[07:43:29] [Render thread/INFO] (Minecraft) Backend library: LWJGL version 3.3.3-snapshot
[07:43:30] [Render thread/INFO] (Minecraft) Using optional rendering extensions: GL_ARB_buffer_storage, GL_KHR_debug, GL_ARB_vertex_attrib_binding, GL_ARB_direct_state_access
[07:43:31] [Render thread/INFO] (Minecraft) Reloading ResourceManager: vanilla, fabric, fabric-api, fabric-api-base, fabric-api-lookup-api-v1, fabric-biome-api-v1, fabric-block-api-v1, fabric-block-view-api-v2, fabric-client-gametest-api-v1, fabric-command-api-v2, fabric-content-registries-v0, fabric-convention-tags-v1, fabric-convention-tags-v2, fabric-crash-report-info-v1, fabric-data-attachment-api-v1, fabric-data-generation-api-v1, fabric-dimensions-v1, fabric-entity-events-v1, fabric-events-interaction-v0, fabric-game-rule-api-v1, fabric-gametest-api-v1, fabric-item-api-v1, fabric-item-group-api-v1, fabric-key-binding-api-v1, fabric-lifecycle-events-v1, fabric-loot-api-v2, fabric-loot-api-v3, fabric-message-api-v1, fabric-model-loading-api-v1, fabric-networking-api-v1, fabric-object-builder-api-v1, fabric-particles-v1, fabric-recipe-api-v1, fabric-registry-sync-v0, fabric-renderer-api-v1, fabric-renderer-indigo, fabric-rendering-fluids-v1, fabric-rendering-v1, fabric-resource-conditions-api-v1, fabric-resource-loader-v0, fabric-screen-api-v1, fabric-screen-handler-api-v1, fabric-sound-api-v1, fabric-tag-api-v1, fabric-transfer-api-v1, fabric-transitive-access-wideners-v1, fabricloader, mecharp, modmenu, placeholder-api, file/FullBright 1.21.X.zip, file/Xray_Ultimate_1.21_v5.2.2 (1).zip
[07:43:31] [Render thread/WARN] (Minecraft) Non [a-z0-9_.-] character in namespace Texture-Packs.com.txt in pack E:\memods\mecharp2\run\resourcepacks\FullBright 1.21.X.zip, ignoring
[07:43:31] [Render thread/WARN] (Minecraft) Non [a-z0-9_.-] character in namespace Texture-Packs.com.txt in pack E:\memods\mecharp2\run\resourcepacks\FullBright 1.21.X.zip, ignoring
[07:43:31] [Worker-Main-3/WARN] (Minecraft) Invalid path in datapack: minecraft:shaders/core/Texture-Packs.com.txt, ignoring
[07:43:31] [Worker-Main-3/WARN] (Minecraft) Invalid path in datapack: minecraft:shaders/include/Texture-Packs.com.txt, ignoring
[07:43:31] [Worker-Main-3/WARN] (Minecraft) Invalid path in datapack: minecraft:shaders/Texture-Packs.com.txt, ignoring
[07:43:31] [Worker-Main-10/INFO] (Minecraft) Found unifont_pua-16.0.03.hex, loading
[07:43:31] [Worker-Main-9/INFO] (Minecraft) Found unifont_all_no_pua-16.0.03.hex, loading
[07:43:31] [Worker-Main-9/INFO] (Minecraft) Found unifont_jp_patch-16.0.03.hex, loading
[07:43:32] [Worker-Main-5/WARN] (Minecraft) Invalid path in datapack: forbidden_arcanus:models/block/just move it out of this folder- into the folder this folder is in -  if you want to see darkstone/darkstone.json, ignoring
[07:43:33] [Worker-Main-7/WARN] (Minecraft) Missing textures in model mecharp:item/magmarium_chestplate:
    minecraft:textures/atlas/blocks.png:mecharp:item/magmarium_chestplate
[07:43:33] [Worker-Main-7/WARN] (Minecraft) Missing textures in model mecharp:item/bank_card_blue:
    minecraft:textures/atlas/blocks.png:mecharp:item/bank_card_blue
[07:43:33] [Worker-Main-7/WARN] (Minecraft) Missing textures in model mecharp:item/bank_card_red:
    minecraft:textures/atlas/blocks.png:mecharp:item/bank_card_red
[07:43:33] [Worker-Main-7/WARN] (Minecraft) Missing textures in model mecharp:item/magmarium_ore_material:
    minecraft:textures/atlas/blocks.png:mecharp:item/magmarium_ore_material
[07:43:33] [Worker-Main-7/WARN] (Minecraft) Missing textures in model mecharp:item/magmarium_boots:
    minecraft:textures/atlas/blocks.png:mecharp:item/magmarium_boots
[07:43:33] [Worker-Main-7/WARN] (Minecraft) Missing textures in model mecharp:item/magmarium:
    minecraft:textures/atlas/blocks.png:mecharp:item/magmarium
[07:43:33] [Worker-Main-7/WARN] (Minecraft) Missing textures in model mecharp:block/magmarium_ore:
    minecraft:textures/atlas/blocks.png:mecharp:block/magmarium_ore
[07:43:33] [Worker-Main-7/WARN] (Minecraft) Missing textures in model mecharp:item/bank_card_yellow:
    minecraft:textures/atlas/blocks.png:mecharp:item/bank_card_yellow
[07:43:33] [Worker-Main-7/WARN] (Minecraft) Missing textures in model mecharp:item/magmarium_helmet:
    minecraft:textures/atlas/blocks.png:mecharp:item/magmarium_helmet
[07:43:33] [Worker-Main-7/WARN] (Minecraft) Missing textures in model mecharp:item/magmarium_leggings:
    minecraft:textures/atlas/blocks.png:mecharp:item/magmarium_leggings
[07:43:33] [Worker-Main-7/WARN] (Minecraft) Missing texture references in model minecraft:block/xray/chiseled_bookshelf_occupied_slot_bottom_mid:
    particle
[07:43:33] [Worker-Main-7/WARN] (Minecraft) Missing texture references in model minecraft:block/xray/chiseled_bookshelf_occupied_slot_bottom_left:
    particle
[07:43:33] [Worker-Main-7/WARN] (Minecraft) Missing texture references in model minecraft:block/xray/chiseled_bookshelf_occupied_slot_top_right:
    particle
[07:43:33] [Worker-Main-7/WARN] (Minecraft) Missing texture references in model minecraft:block/xray/chiseled_bookshelf_empty_slot_top_right:
    particle
[07:43:33] [Worker-Main-7/WARN] (Minecraft) Missing texture references in model minecraft:block/xray/chiseled_bookshelf_empty_slot_bottom_left:
    particle
[07:43:33] [Worker-Main-7/WARN] (Minecraft) Missing texture references in model minecraft:block/xray/chiseled_bookshelf_occupied_slot_top_left:
    particle
[07:43:33] [Worker-Main-7/WARN] (Minecraft) Missing texture references in model minecraft:block/xray/chiseled_bookshelf_empty_slot_top_left:
    particle
[07:43:33] [Worker-Main-7/WARN] (Minecraft) Missing texture references in model minecraft:block/xray/chiseled_bookshelf_occupied_slot_top_mid:
    particle
[07:43:33] [Worker-Main-7/WARN] (Minecraft) Missing texture references in model minecraft:block/xray/chiseled_bookshelf_empty_slot_bottom_right:
    particle
[07:43:33] [Worker-Main-7/WARN] (Minecraft) Missing texture references in model minecraft:block/xray/chiseled_bookshelf_occupied_slot_bottom_right:
    particle
[07:43:33] [Worker-Main-7/WARN] (Minecraft) Missing texture references in model minecraft:block/xray/chiseled_bookshelf_empty_slot_bottom_mid:
    particle
[07:43:33] [Worker-Main-7/WARN] (Minecraft) Missing texture references in model minecraft:block/xray/chiseled_bookshelf_empty_slot_top_mid:
    particle
[07:43:33] [Worker-Main-7/WARN] (Minecraft) Missing model for variant: 'Block{mecharp:bank_terminal}'
[07:43:33] [Render thread/INFO] (Minecraft) OpenAL initialized on device OpenAL Soft on Headphones (High Definition Audio Device)
[07:43:33] [Render thread/INFO] (Minecraft) Sound engine started
[07:43:33] [Render thread/INFO] (Minecraft) Created: 1024x512x4 minecraft:textures/atlas/blocks.png-atlas
[07:43:33] [Render thread/INFO] (Minecraft) Created: 256x256x4 minecraft:textures/atlas/signs.png-atlas
[07:43:33] [Render thread/INFO] (Minecraft) Created: 512x512x4 minecraft:textures/atlas/shield_patterns.png-atlas
[07:43:33] [Render thread/INFO] (Minecraft) Created: 512x512x4 minecraft:textures/atlas/banner_patterns.png-atlas
[07:43:33] [Render thread/INFO] (Minecraft) Created: 2048x1024x4 minecraft:textures/atlas/armor_trims.png-atlas
[07:43:33] [Render thread/INFO] (Minecraft) Created: 128x64x4 minecraft:textures/atlas/decorated_pot.png-atlas
[07:43:33] [Render thread/INFO] (Minecraft) Created: 256x256x4 minecraft:textures/atlas/chest.png-atlas
[07:43:33] [Render thread/INFO] (Minecraft) Created: 512x256x4 minecraft:textures/atlas/shulker_boxes.png-atlas
[07:43:33] [Render thread/INFO] (Minecraft) Created: 512x256x4 minecraft:textures/atlas/beds.png-atlas
[07:43:33] [Render thread/INFO] (Minecraft) Created: 64x64x0 minecraft:textures/atlas/map_decorations.png-atlas
[07:43:33] [Render thread/INFO] (Minecraft) Created: 512x256x0 minecraft:textures/atlas/particles.png-atlas
[07:43:33] [Render thread/INFO] (Minecraft) Created: 512x256x0 minecraft:textures/atlas/paintings.png-atlas
[07:43:33] [Render thread/INFO] (Minecraft) Created: 1024x512x0 minecraft:textures/atlas/gui.png-atlas
[07:43:40] [ModMenu/Update Checker/Fabric Loader/INFO] (Mod Menu/Update Checker) Update available for 'fabricloader@0.16.14'
[07:43:47] [Render thread/INFO] (Minecraft) Loaded 1426 recipes
[07:43:47] [Render thread/INFO] (Minecraft) Loaded 1539 advancements
[07:43:51] [Render thread/INFO] (BiomeModificationImpl) Applied 221 biome modifications to 59 of 65 new biomes in 10.97 ms
[07:43:51] [Server thread/INFO] (Minecraft) Starting integrated minecraft server version 1.21.8
[07:43:51] [Server thread/INFO] (Minecraft) Generating keypair
[07:43:55] [Server thread/INFO] (Minecraft) Preparing start region for dimension minecraft:overworld
[07:43:55] [Render thread/INFO] (Minecraft) Подготовка области возрождения: 4%
[07:43:56] [Render thread/INFO] (Minecraft) Подготовка области возрождения: 4%
[07:43:56] [Render thread/INFO] (Minecraft) Подготовка области возрождения: 18%
[07:43:56] [Render thread/INFO] (Minecraft) Подготовка области возрождения: 18%
[07:43:57] [Render thread/INFO] (Minecraft) Подготовка области возрождения: 51%
[07:43:57] [Render thread/INFO] (Minecraft) Подготовка области возрождения: 51%
[07:43:58] [Server thread/WARN] (TranslationConventionLogWarnings) 
	Dev warning - Untranslated Item Tags detected. Please translate your item tags so other mods such as recipe viewers can properly display your tag's name.
	The format desired is tag.item.<namespace>.<path> for the translation key with slashes in path turned into periods.
	To disable this message, set this system property in your runs: `-Dfabric-tag-conventions-v2.missingTagTranslationWarning=SILENCED`.
	To see individual untranslated item tags found, set the system property to `-Dfabric-tag-conventions-v2.missingTagTranslationWarning=VERBOSE`.
	Default is `SHORT`.

[07:43:58] [Render thread/INFO] (Minecraft) Time elapsed: 2612 ms
[07:43:58] [Server thread/INFO] (Minecraft) Changing view distance to 14, from 10
[07:43:58] [Server thread/INFO] (Minecraft) Changing simulation distance to 12, from 0
[07:43:59] [Server thread/INFO] (Minecraft) Player876[local:E:dca0ea13] logged in with entity id 13 at (162.5, 66.0, -10.5)
[07:43:59] [Server thread/INFO] (Minecraft) Player876 присоединился к игре
[07:43:59] [Render thread/INFO] (Minecraft) Loaded 2 advancements
[07:43:59] [Render thread/INFO] (Minecraft) Resizing Dynamic Transforms UBO, capacity limit of 2 reached during a single frame. New capacity will be 4.
[07:43:59] [Render thread/INFO] (Minecraft) Resizing Dynamic Transforms UBO, capacity limit of 4 reached during a single frame. New capacity will be 8.
[07:43:59] [Render thread/INFO] (Minecraft) Resizing Dynamic Transforms UBO, capacity limit of 8 reached during a single frame. New capacity will be 16.
[07:43:59] [Render thread/INFO] (Minecraft) Resizing Dynamic Transforms UBO, capacity limit of 16 reached during a single frame. New capacity will be 32.
[07:43:59] [Render thread/INFO] (Minecraft) Resizing Dynamic Transforms UBO, capacity limit of 32 reached during a single frame. New capacity will be 64.
[07:44:00] [Render thread/INFO] (Minecraft) Resizing Dynamic Transforms UBO, capacity limit of 64 reached during a single frame. New capacity will be 128.
[07:44:01] [Render thread/INFO] (Minecraft) Resizing Dynamic Transforms UBO, capacity limit of 128 reached during a single frame. New capacity will be 256.
[07:44:04] [Render thread/INFO] (Minecraft) Resizing Dynamic Transforms UBO, capacity limit of 256 reached during a single frame. New capacity will be 512.
[07:44:08] [Render thread/INFO] (Minecraft) Resizing Dynamic Transforms UBO, capacity limit of 512 reached during a single frame. New capacity will be 1024.
[07:44:08] [Server thread/INFO] (Minecraft) Player876 получил достижение «[Две стихии]»
[07:44:08] [Render thread/INFO] (Minecraft) [System] [CHAT] Player876 получил достижение «[Две стихии]»
[07:44:08] [Render thread/INFO] (Minecraft) Loaded 13 advancements
[07:44:16] [Render thread/INFO] (Minecraft) Resizing Dynamic Transforms UBO, capacity limit of 1024 reached during a single frame. New capacity will be 2048.
[07:44:33] [Server thread/INFO] (Minecraft) Player876 получил достижение «[Огненные недра]»
[07:44:33] [Render thread/INFO] (Minecraft) [System] [CHAT] Player876 получил достижение «[Огненные недра]»
[07:44:33] [Render thread/INFO] (Minecraft) Loaded 31 advancements
[07:44:33] [Render thread/INFO] (Minecraft) Loaded 31 advancements
[07:44:36] [Render thread/WARN] (Minecraft) Received passengers for unknown entity
[07:44:36] [Render thread/WARN] (Minecraft) Received passengers for unknown entity
[07:44:53] [Server thread/INFO] (Minecraft) Saving and pausing game...
[07:44:53] [Server thread/INFO] (Minecraft) Saving chunks for level 'ServerLevel[Новый мир]'/minecraft:overworld
[07:44:53] [Server thread/INFO] (Minecraft) Saving chunks for level 'ServerLevel[Новый мир]'/minecraft:the_end
[07:44:53] [Server thread/INFO] (Minecraft) Saving chunks for level 'ServerLevel[Новый мир]'/minecraft:the_nether
[07:44:54] [Server thread/INFO] (Minecraft) Player876 lost connection: Отключение
[07:44:54] [Server thread/INFO] (Minecraft) Player876 покинул игру
[07:44:54] [Server thread/INFO] (Minecraft) Stopping singleplayer server as player logged out
[07:44:54] [Server thread/INFO] (Minecraft) Stopping server
[07:44:54] [Server thread/INFO] (Minecraft) Saving players
[07:44:54] [Server thread/INFO] (Minecraft) Saving worlds
[07:44:54] [Server thread/INFO] (Minecraft) Saving chunks for level 'ServerLevel[Новый мир]'/minecraft:overworld
[07:44:54] [Server thread/INFO] (Minecraft) Saving chunks for level 'ServerLevel[Новый мир]'/minecraft:the_end
[07:44:54] [Server thread/INFO] (Minecraft) Saving chunks for level 'ServerLevel[Новый мир]'/minecraft:the_nether
[07:44:57] [Server thread/INFO] (Minecraft) ThreadedAnvilChunkStorage (Новый мир (6)): All chunks are saved
[07:44:57] [Server thread/INFO] (Minecraft) ThreadedAnvilChunkStorage (DIM1): All chunks are saved
[07:44:57] [Server thread/INFO] (Minecraft) ThreadedAnvilChunkStorage (DIM-1): All chunks are saved
[07:44:57] [Server thread/INFO] (Minecraft) ThreadedAnvilChunkStorage: All dimensions are saved
[07:44:58] [Render thread/INFO] (Minecraft) Stopping!
